<2016-12-29 17:24:26:353>     [127.0.0.1]    (NOT LOGIN)    D/Debug       access: index_controller::index_action
<2016-12-29 17:24:39:744>     [127.0.0.1]    (NOT LOGIN)    D/Debug       access: login_controller::register_action
<2016-12-29 17:25:35:881>     [127.0.0.1]    (NOT LOGIN)    D/Debug       access: index_controller::index_action
<2016-12-29 17:25:41:402>     [127.0.0.1]    (NOT LOGIN)    D/Debug       access: index_controller::index_action
<2016-12-29 17:25:45:658>     [127.0.0.1]    (NOT LOGIN)    D/Debug       access: login_controller::index_action
<2016-12-29 17:25:48:868>     [127.0.0.1]    (NOT LOGIN)    D/Debug       access: login_controller::register_action
<2016-12-29 17:42:05:784>     [127.0.0.1]    (NOT LOGIN)    D/Debug       access: index_controller::index_action
<2016-12-29 17:42:49:948>     [127.0.0.1]    (NOT LOGIN)    D/Debug       access: index_controller::index_action
<2016-12-29 17:42:53:640>     [127.0.0.1]    (NOT LOGIN)    D/Debug       access: login_controller::login_ajax
<2016-12-29 17:42:58:009>     [127.0.0.1]    (NOT LOGIN)    E/PDO.Exception    PDOException Object
(
    [message:protected] => SQLSTATE[HY000] [1045] Access denied for user 'comacc'@'localhost' (using password: YES)
    [string:Exception:private] => 
    [code:protected] => 1045
    [file:protected] => C:\wamp3\www\dabaojian\framework\database.php
    [line:protected] => 25
    [trace:Exception:private] => Array
        (
            [0] => Array
                (
                    [file] => C:\wamp3\www\dabaojian\framework\database.php
                    [line] => 25
                    [function] => __construct
                    [class] => PDO
                    [type] => ->
                    [args] => Array
                        (
                            [0] => mysql:host=localhost;dbname=comacc
                            [1] => comacc
                            [2] => comacc
                        )

                )

            [1] => Array
                (
                    [file] => C:\wamp3\www\dabaojian\app\app\database\db_user.class.php
                    [line] => 18
                    [function] => init
                    [class] => database
                    [type] => ->
                    [args] => Array
                        (
                            [0] => comacc
                        )

                )

            [2] => Array
                (
                    [file] => C:\wamp3\www\dabaojian\app\app\database\db_user.class.php
                    [line] => 12
                    [function] => __construct
                    [class] => db_user
                    [type] => ->
                    [args] => Array
                        (
                        )

                )

            [3] => Array
                (
                    [file] => C:\wamp3\www\dabaojian\app\app\login.class.php
                    [line] => 10
                    [function] => inst
                    [class] => db_user
                    [type] => ::
                    [args] => Array
                        (
                        )

                )

            [4] => Array
                (
                    [file] => C:\wamp3\www\dabaojian\app\controller\login_controller.php
                    [line] => 79
                    [function] => do_login
                    [class] => login
                    [type] => ::
                    [args] => Array
                        (
                            [0] => 123
                            [1] => 97e21b5e5e1ce37b51d2fea1ac1a5d77
                        )

                )

            [5] => Array
                (
                    [function] => login_ajax
                    [class] => login_controller
                    [type] => ->
                    [args] => Array
                        (
                        )

                )

            [6] => Array
                (
                    [file] => C:\wamp3\www\dabaojian\framework\action.php
                    [line] => 35
                    [function] => invoke
                    [class] => ReflectionMethod
                    [type] => ->
                    [args] => Array
                        (
                            [0] => login_controller Object
                                (
                                )

                        )

                )

            [7] => Array
                (
                    [file] => C:\wamp3\www\dabaojian\ajax.php
                    [line] => 5
                    [function] => dispatch_action
                    [args] => Array
                        (
                        )

                )

        )

    [previous:Exception:private] => 
    [errorInfo] => 
    [xdebug_message] => <tr><th align='left' bgcolor='#f57900' colspan="5"><span style='background-color: #cc0000; color: #fce94f; font-size: x-large;'>( ! )</span> PDOException: SQLSTATE[HY000] [1045] Access denied for user 'comacc'@'localhost' (using password: YES) in C:\wamp3\www\dabaojian\framework\database.php on line <i>25</i></th></tr>
<tr><th align='left' bgcolor='#e9b96e' colspan='5'>Call Stack</th></tr>
<tr><th align='center' bgcolor='#eeeeec'>#</th><th align='left' bgcolor='#eeeeec'>Time</th><th align='left' bgcolor='#eeeeec'>Memory</th><th align='left' bgcolor='#eeeeec'>Function</th><th align='left' bgcolor='#eeeeec'>Location</th></tr>
<tr><td bgcolor='#eeeeec' align='center'>1</td><td bgcolor='#eeeeec' align='center'>0.0270</td><td bgcolor='#eeeeec' align='right'>132080</td><td bgcolor='#eeeeec'>{main}(  )</td><td title='C:\wamp3\www\dabaojian\ajax.php' bgcolor='#eeeeec'>...\ajax.php<b>:</b>0</td></tr>
<tr><td bgcolor='#eeeeec' align='center'>2</td><td bgcolor='#eeeeec' align='center'>0.1230</td><td bgcolor='#eeeeec' align='right'>207464</td><td bgcolor='#eeeeec'>dispatch_action(  )</td><td title='C:\wamp3\www\dabaojian\ajax.php' bgcolor='#eeeeec'>...\ajax.php<b>:</b>5</td></tr>
<tr><td bgcolor='#eeeeec' align='center'>3</td><td bgcolor='#eeeeec' align='center'>0.1780</td><td bgcolor='#eeeeec' align='right'>496224</td><td bgcolor='#eeeeec'><a href='http://www.php.net/ReflectionMethod.invoke' target='_new'>invoke</a>
(  )</td><td title='C:\wamp3\www\dabaojian\framework\action.php' bgcolor='#eeeeec'>...\action.php<b>:</b>35</td></tr>
<tr><td bgcolor='#eeeeec' align='center'>4</td><td bgcolor='#eeeeec' align='center'>0.1780</td><td bgcolor='#eeeeec' align='right'>496264</td><td bgcolor='#eeeeec'>login_controller->login_ajax(  )</td><td title='C:\wamp3\www\dabaojian\framework\action.php' bgcolor='#eeeeec'>...\action.php<b>:</b>35</td></tr>
<tr><td bgcolor='#eeeeec' align='center'>5</td><td bgcolor='#eeeeec' align='center'>0.1780</td><td bgcolor='#eeeeec' align='right'>496392</td><td bgcolor='#eeeeec'>login::do_login(  )</td><td title='C:\wamp3\www\dabaojian\app\controller\login_controller.php' bgcolor='#eeeeec'>...\login_controller.php<b>:</b>79</td></tr>
<tr><td bgcolor='#eeeeec' align='center'>6</td><td bgcolor='#eeeeec' align='center'>0.1780</td><td bgcolor='#eeeeec' align='right'>496432</td><td bgcolor='#eeeeec'>db_user::inst(  )</td><td title='C:\wamp3\www\dabaojian\app\app\login.class.php' bgcolor='#eeeeec'>...\login.class.php<b>:</b>10</td></tr>
<tr><td bgcolor='#eeeeec' align='center'>7</td><td bgcolor='#eeeeec' align='center'>0.1780</td><td bgcolor='#eeeeec' align='right'>496648</td><td bgcolor='#eeeeec'>db_user->__construct(  )</td><td title='C:\wamp3\www\dabaojian\app\app\database\db_user.class.php' bgcolor='#eeeeec'>...\db_user.class.php<b>:</b>12</td></tr>
<tr><td bgcolor='#eeeeec' align='center'>8</td><td bgcolor='#eeeeec' align='center'>0.1780</td><td bgcolor='#eeeeec' align='right'>496728</td><td bgcolor='#eeeeec'>database->init(  )</td><td title='C:\wamp3\www\dabaojian\app\app\database\db_user.class.php' bgcolor='#eeeeec'>...\db_user.class.php<b>:</b>18</td></tr>
<tr><td bgcolor='#eeeeec' align='center'>9</td><td bgcolor='#eeeeec' align='center'>0.3370</td><td bgcolor='#eeeeec' align='right'>497208</td><td bgcolor='#eeeeec'><a href='http://www.php.net/PDO.construct' target='_new'>__construct</a>
(  )</td><td title='C:\wamp3\www\dabaojian\framework\database.php' bgcolor='#eeeeec'>...\database.php<b>:</b>25</td></tr>

)

<2016-12-29 17:42:58:100>     [127.0.0.1]    (NOT LOGIN)    D/Debug       access: login_controller::register_action
<2016-12-29 17:43:00:991>     [127.0.0.1]    (NOT LOGIN)    D/Debug       access: login_controller::register_ajax
<2016-12-29 17:43:01:070>     [127.0.0.1]    (NOT LOGIN)    E/PDO.Exception    PDOException Object
(
    [message:protected] => SQLSTATE[HY000] [1045] Access denied for user 'comacc'@'localhost' (using password: YES)
    [string:Exception:private] => 
    [code:protected] => 1045
    [file:protected] => C:\wamp3\www\dabaojian\framework\database.php
    [line:protected] => 25
    [trace:Exception:private] => Array
        (
            [0] => Array
                (
                    [file] => C:\wamp3\www\dabaojian\framework\database.php
                    [line] => 25
                    [function] => __construct
                    [class] => PDO
                    [type] => ->
                    [args] => Array
                        (
                            [0] => mysql:host=localhost;dbname=comacc
                            [1] => comacc
                            [2] => comacc
                        )

                )

            [1] => Array
                (
                    [file] => C:\wamp3\www\dabaojian\app\app\database\db_user.class.php
                    [line] => 18
                    [function] => init
                    [class] => database
                    [type] => ->
                    [args] => Array
                        (
                            [0] => comacc
                        )

                )

            [2] => Array
                (
                    [file] => C:\wamp3\www\dabaojian\app\app\database\db_user.class.php
                    [line] => 12
                    [function] => __construct
                    [class] => db_user
                    [type] => ->
                    [args] => Array
                        (
                        )

                )

            [3] => Array
                (
                    [file] => C:\wamp3\www\dabaojian\app\controller\login_controller.php
                    [line] => 88
                    [function] => inst
                    [class] => db_user
                    [type] => ::
                    [args] => Array
                        (
                        )

                )

            [4] => Array
                (
                    [function] => register_ajax
                    [class] => login_controller
                    [type] => ->
                    [args] => Array
                        (
                        )

                )

            [5] => Array
                (
                    [file] => C:\wamp3\www\dabaojian\framework\action.php
                    [line] => 35
                    [function] => invoke
                    [class] => ReflectionMethod
                    [type] => ->
                    [args] => Array
                        (
                            [0] => login_controller Object
                                (
                                )

                        )

                )

            [6] => Array
                (
                    [file] => C:\wamp3\www\dabaojian\ajax.php
                    [line] => 5
                    [function] => dispatch_action
                    [args] => Array
                        (
                        )

                )

        )

    [previous:Exception:private] => 
    [errorInfo] => 
    [xdebug_message] => <tr><th align='left' bgcolor='#f57900' colspan="5"><span style='background-color: #cc0000; color: #fce94f; font-size: x-large;'>( ! )</span> PDOException: SQLSTATE[HY000] [1045] Access denied for user 'comacc'@'localhost' (using password: YES) in C:\wamp3\www\dabaojian\framework\database.php on line <i>25</i></th></tr>
<tr><th align='left' bgcolor='#e9b96e' colspan='5'>Call Stack</th></tr>
<tr><th align='center' bgcolor='#eeeeec'>#</th><th align='left' bgcolor='#eeeeec'>Time</th><th align='left' bgcolor='#eeeeec'>Memory</th><th align='left' bgcolor='#eeeeec'>Function</th><th align='left' bgcolor='#eeeeec'>Location</th></tr>
<tr><td bgcolor='#eeeeec' align='center'>1</td><td bgcolor='#eeeeec' align='center'>0.0000</td><td bgcolor='#eeeeec' align='right'>132688</td><td bgcolor='#eeeeec'>{main}(  )</td><td title='C:\wamp3\www\dabaojian\ajax.php' bgcolor='#eeeeec'>...\ajax.php<b>:</b>0</td></tr>
<tr><td bgcolor='#eeeeec' align='center'>2</td><td bgcolor='#eeeeec' align='center'>0.0050</td><td bgcolor='#eeeeec' align='right'>208080</td><td bgcolor='#eeeeec'>dispatch_action(  )</td><td title='C:\wamp3\www\dabaojian\ajax.php' bgcolor='#eeeeec'>...\ajax.php<b>:</b>5</td></tr>
<tr><td bgcolor='#eeeeec' align='center'>3</td><td bgcolor='#eeeeec' align='center'>0.0190</td><td bgcolor='#eeeeec' align='right'>496856</td><td bgcolor='#eeeeec'><a href='http://www.php.net/ReflectionMethod.invoke' target='_new'>invoke</a>
(  )</td><td title='C:\wamp3\www\dabaojian\framework\action.php' bgcolor='#eeeeec'>...\action.php<b>:</b>35</td></tr>
<tr><td bgcolor='#eeeeec' align='center'>4</td><td bgcolor='#eeeeec' align='center'>0.0190</td><td bgcolor='#eeeeec' align='right'>496920</td><td bgcolor='#eeeeec'>login_controller->register_ajax(  )</td><td title='C:\wamp3\www\dabaojian\framework\action.php' bgcolor='#eeeeec'>...\action.php<b>:</b>35</td></tr>
<tr><td bgcolor='#eeeeec' align='center'>5</td><td bgcolor='#eeeeec' align='center'>0.0190</td><td bgcolor='#eeeeec' align='right'>496976</td><td bgcolor='#eeeeec'>db_user::inst(  )</td><td title='C:\wamp3\www\dabaojian\app\controller\login_controller.php' bgcolor='#eeeeec'>...\login_controller.php<b>:</b>88</td></tr>
<tr><td bgcolor='#eeeeec' align='center'>6</td><td bgcolor='#eeeeec' align='center'>0.0190</td><td bgcolor='#eeeeec' align='right'>497192</td><td bgcolor='#eeeeec'>db_user->__construct(  )</td><td title='C:\wamp3\www\dabaojian\app\app\database\db_user.class.php' bgcolor='#eeeeec'>...\db_user.class.php<b>:</b>12</td></tr>
<tr><td bgcolor='#eeeeec' align='center'>7</td><td bgcolor='#eeeeec' align='center'>0.0190</td><td bgcolor='#eeeeec' align='right'>497272</td><td bgcolor='#eeeeec'>database->init(  )</td><td title='C:\wamp3\www\dabaojian\app\app\database\db_user.class.php' bgcolor='#eeeeec'>...\db_user.class.php<b>:</b>18</td></tr>
<tr><td bgcolor='#eeeeec' align='center'>8</td><td bgcolor='#eeeeec' align='center'>0.0190</td><td bgcolor='#eeeeec' align='right'>497760</td><td bgcolor='#eeeeec'><a href='http://www.php.net/PDO.construct' target='_new'>__construct</a>
(  )</td><td title='C:\wamp3\www\dabaojian\framework\database.php' bgcolor='#eeeeec'>...\database.php<b>:</b>25</td></tr>

)

<2016-12-29 18:08:13:604>     [127.0.0.1]    (NOT LOGIN)    D/Debug       access: index_controller::index_action
